This is pdfTeX, Version 3.141592653-2.6-1.40.23 (TeX Live 2021/Arch Linux) (preloaded format=pdflatex 2022.1.3)  10 JAN 2022 19:15
entering extended mode
 restricted \write18 enabled.
 %&-line parsing enabled.
**region_report.tex
(./region_report.tex
LaTeX2e <2021-11-15> patch level 1
L3 programming layer <2021-11-22> (/usr/share/texmf-dist/tex/latex/base/article
.cls
Document Class: article 2021/10/04 v1.4n Standard LaTeX document class
(/usr/share/texmf-dist/tex/latex/base/size10.clo
File: size10.clo 2021/10/04 v1.4n Standard LaTeX file (size option)
)
\c@part=\count183
\c@section=\count184
\c@subsection=\count185
\c@subsubsection=\count186
\c@paragraph=\count187
\c@subparagraph=\count188
\c@figure=\count189
\c@table=\count190
\abovecaptionskip=\skip47
\belowcaptionskip=\skip48
\bibindent=\dimen138
) (/usr/share/texmf-dist/tex/latex/amsmath/amsmath.sty
Package: amsmath 2021/10/15 v2.17l AMS math features
\@mathmargin=\skip49
For additional information on amsmath, use the `?' option.
(/usr/share/texmf-dist/tex/latex/amsmath/amstext.sty
Package: amstext 2021/08/26 v2.01 AMS text
(/usr/share/texmf-dist/tex/latex/amsmath/amsgen.sty
File: amsgen.sty 1999/11/30 v2.0 generic functions
\@emptytoks=\toks16
\ex@=\dimen139
)) (/usr/share/texmf-dist/tex/latex/amsmath/amsbsy.sty
Package: amsbsy 1999/11/29 v1.2d Bold Symbols
\pmbraise@=\dimen140
) (/usr/share/texmf-dist/tex/latex/amsmath/amsopn.sty
Package: amsopn 2021/08/26 v2.02 operator names
)
\inf@bad=\count191
LaTeX Info: Redefining \frac on input line 234.
\uproot@=\count192
\leftroot@=\count193
LaTeX Info: Redefining \overline on input line 399.
\classnum@=\count194
\DOTSCASE@=\count195
LaTeX Info: Redefining \ldots on input line 496.
LaTeX Info: Redefining \dots on input line 499.
LaTeX Info: Redefining \cdots on input line 620.
\Mathstrutbox@=\box50
\strutbox@=\box51
\big@size=\dimen141
LaTeX Font Info:    Redeclaring font encoding OML on input line 743.
LaTeX Font Info:    Redeclaring font encoding OMS on input line 744.
\macc@depth=\count196
\c@MaxMatrixCols=\count197
\dotsspace@=\muskip16
\c@parentequation=\count198
\dspbrk@lvl=\count199
\tag@help=\toks17
\row@=\count266
\column@=\count267
\maxfields@=\count268
\andhelp@=\toks18
\eqnshift@=\dimen142
\alignsep@=\dimen143
\tagshift@=\dimen144
\tagwidth@=\dimen145
\totwidth@=\dimen146
\lineht@=\dimen147
\@envbody=\toks19
\multlinegap=\skip50
\multlinetaggap=\skip51
\mathdisplay@stack=\toks20
LaTeX Info: Redefining \[ on input line 2938.
LaTeX Info: Redefining \] on input line 2939.
) (/usr/share/texmf-dist/tex/latex/amsfonts/amssymb.sty
Package: amssymb 2013/01/14 v3.01 AMS font symbols
(/usr/share/texmf-dist/tex/latex/amsfonts/amsfonts.sty
Package: amsfonts 2013/01/14 v3.01 Basic AMSFonts support
\symAMSa=\mathgroup4
\symAMSb=\mathgroup5
LaTeX Font Info:    Redeclaring math symbol \hbar on input line 98.
LaTeX Font Info:    Overwriting math alphabet `\mathfrak' in version `bold'
(Font)                  U/euf/m/n --> U/euf/b/n on input line 106.
)) (/usr/share/texmf-dist/tex/latex/lm/lmodern.sty
Package: lmodern 2015/05/01 v1.6.1 Latin Modern Fonts
LaTeX Font Info:    Overwriting symbol font `operators' in version `normal'
(Font)                  OT1/cmr/m/n --> OT1/lmr/m/n on input line 22.
LaTeX Font Info:    Overwriting symbol font `letters' in version `normal'
(Font)                  OML/cmm/m/it --> OML/lmm/m/it on input line 23.
LaTeX Font Info:    Overwriting symbol font `symbols' in version `normal'
(Font)                  OMS/cmsy/m/n --> OMS/lmsy/m/n on input line 24.
LaTeX Font Info:    Overwriting symbol font `largesymbols' in version `normal'
(Font)                  OMX/cmex/m/n --> OMX/lmex/m/n on input line 25.
LaTeX Font Info:    Overwriting symbol font `operators' in version `bold'
(Font)                  OT1/cmr/bx/n --> OT1/lmr/bx/n on input line 26.
LaTeX Font Info:    Overwriting symbol font `letters' in version `bold'
(Font)                  OML/cmm/b/it --> OML/lmm/b/it on input line 27.
LaTeX Font Info:    Overwriting symbol font `symbols' in version `bold'
(Font)                  OMS/cmsy/b/n --> OMS/lmsy/b/n on input line 28.
LaTeX Font Info:    Overwriting symbol font `largesymbols' in version `bold'
(Font)                  OMX/cmex/m/n --> OMX/lmex/m/n on input line 29.
LaTeX Font Info:    Overwriting math alphabet `\mathbf' in version `normal'
(Font)                  OT1/cmr/bx/n --> OT1/lmr/bx/n on input line 31.
LaTeX Font Info:    Overwriting math alphabet `\mathsf' in version `normal'
(Font)                  OT1/cmss/m/n --> OT1/lmss/m/n on input line 32.
LaTeX Font Info:    Overwriting math alphabet `\mathit' in version `normal'
(Font)                  OT1/cmr/m/it --> OT1/lmr/m/it on input line 33.
LaTeX Font Info:    Overwriting math alphabet `\mathtt' in version `normal'
(Font)                  OT1/cmtt/m/n --> OT1/lmtt/m/n on input line 34.
LaTeX Font Info:    Overwriting math alphabet `\mathbf' in version `bold'
(Font)                  OT1/cmr/bx/n --> OT1/lmr/bx/n on input line 35.
LaTeX Font Info:    Overwriting math alphabet `\mathsf' in version `bold'
(Font)                  OT1/cmss/bx/n --> OT1/lmss/bx/n on input line 36.
LaTeX Font Info:    Overwriting math alphabet `\mathit' in version `bold'
(Font)                  OT1/cmr/bx/it --> OT1/lmr/bx/it on input line 37.
LaTeX Font Info:    Overwriting math alphabet `\mathtt' in version `bold'
(Font)                  OT1/cmtt/m/n --> OT1/lmtt/m/n on input line 38.
) (/usr/share/texmf-dist/tex/generic/iftex/iftex.sty
Package: iftex 2020/03/06 v1.0d TeX engine tests
) (/usr/share/texmf-dist/tex/latex/base/fontenc.sty
Package: fontenc 2021/04/29 v2.0v Standard LaTeX package
LaTeX Font Info:    Trying to load font information for T1+lmr on input line 11
2.
(/usr/share/texmf-dist/tex/latex/lm/t1lmr.fd
File: t1lmr.fd 2015/05/01 v1.6.1 Font defs for Latin Modern
)) (/usr/share/texmf-dist/tex/latex/base/inputenc.sty
Package: inputenc 2021/02/14 v1.3d Input encoding file
\inpenc@prehook=\toks21
\inpenc@posthook=\toks22
) (/usr/share/texmf-dist/tex/latex/base/textcomp.sty
Package: textcomp 2020/02/02 v2.0n Standard LaTeX package
) (/usr/share/texmf-dist/tex/latex/upquote/upquote.sty
Package: upquote 2012/04/19 v1.3 upright-quote and grave-accent glyphs in verba
tim
) (/usr/share/texmf-dist/tex/latex/microtype/microtype.sty
Package: microtype 2021/12/10 v3.0b Micro-typographical refinements (RS)
(/usr/share/texmf-dist/tex/latex/graphics/keyval.sty
Package: keyval 2014/10/28 v1.15 key=value parser (DPC)
\KV@toks@=\toks23
) (/usr/share/texmf-dist/tex/latex/etoolbox/etoolbox.sty
Package: etoolbox 2020/10/05 v2.5k e-TeX tools for LaTeX (JAW)
\etb@tempcnta=\count269
)
\MT@toks=\toks24
\MT@count=\count270
\MT@tempbox=\box52
LaTeX Info: Redefining \leftprotrusion on input line 1010.
LaTeX Info: Redefining \rightprotrusion on input line 1018.
LaTeX Info: Redefining \textls on input line 1173.
\MT@outer@kern=\dimen148
LaTeX Info: Redefining \textmicrotypecontext on input line 1759.
\MT@listname@count=\count271
(/usr/share/texmf-dist/tex/latex/microtype/microtype-pdftex.def
File: microtype-pdftex.def 2021/12/10 v3.0b Definitions specific to pdftex (RS)

LaTeX Info: Redefining \lsstyle on input line 897.
LaTeX Info: Redefining \lslig on input line 897.
\MT@outer@space=\skip52
)
Package microtype Info: Loading configuration file microtype.cfg.
(/usr/share/texmf-dist/tex/latex/microtype/microtype.cfg
File: microtype.cfg 2021/12/10 v3.0b microtype main configuration file (RS)
)) (/usr/share/texmf-dist/tex/latex/parskip/parskip.sty
Package: parskip 2021-03-14 v2.0h non-zero parskip adjustments
(/usr/share/texmf-dist/tex/latex/kvoptions/kvoptions.sty
Package: kvoptions 2020-10-07 v3.14 Key value format for package options (HO)
(/usr/share/texmf-dist/tex/generic/ltxcmds/ltxcmds.sty
Package: ltxcmds 2020-05-10 v1.25 LaTeX kernel commands for general use (HO)
) (/usr/share/texmf-dist/tex/generic/kvsetkeys/kvsetkeys.sty
Package: kvsetkeys 2019/12/15 v1.18 Key value parser (HO)
))) (/usr/share/texmf-dist/tex/latex/xcolor/xcolor.sty
Package: xcolor 2021/10/31 v2.13 LaTeX color extensions (UK)
(/usr/share/texmf-dist/tex/latex/graphics-cfg/color.cfg
File: color.cfg 2016/01/02 v1.6 sample color configuration
)
Package xcolor Info: Driver file: pdftex.def on input line 227.
(/usr/share/texmf-dist/tex/latex/graphics-def/pdftex.def
File: pdftex.def 2020/10/05 v1.2a Graphics/color driver for pdftex
)
Package xcolor Info: Model `cmy' substituted by `cmy0' on input line 1352.
Package xcolor Info: Model `hsb' substituted by `rgb' on input line 1356.
Package xcolor Info: Model `RGB' extended on input line 1368.
Package xcolor Info: Model `HTML' substituted by `rgb' on input line 1370.
Package xcolor Info: Model `Hsb' substituted by `hsb' on input line 1371.
Package xcolor Info: Model `tHsb' substituted by `hsb' on input line 1372.
Package xcolor Info: Model `HSB' substituted by `hsb' on input line 1373.
Package xcolor Info: Model `Gray' substituted by `gray' on input line 1374.
Package xcolor Info: Model `wave' substituted by `hsb' on input line 1375.
) (/usr/share/texmf-dist/tex/latex/xurl/xurl.sty
Package: xurl 2020/12/30 v 0.09a modify URL breaks
(/usr/share/texmf-dist/tex/latex/url/url.sty
\Urlmuskip=\muskip17
Package: url 2013/09/16  ver 3.4  Verb mode for urls, etc.
)) (/usr/share/texmf-dist/tex/latex/bookmark/bookmark.sty
Package: bookmark 2020-11-06 v1.29 PDF bookmarks (HO)
(/usr/share/texmf-dist/tex/latex/hyperref/hyperref.sty
Package: hyperref 2021-06-07 v7.00m Hypertext links for LaTeX
(/usr/share/texmf-dist/tex/generic/pdftexcmds/pdftexcmds.sty
Package: pdftexcmds 2020-06-27 v0.33 Utility functions of pdfTeX for LuaTeX (HO
)
(/usr/share/texmf-dist/tex/generic/infwarerr/infwarerr.sty
Package: infwarerr 2019/12/03 v1.5 Providing info/warning/error messages (HO)
)
Package pdftexcmds Info: \pdf@primitive is available.
Package pdftexcmds Info: \pdf@ifprimitive is available.
Package pdftexcmds Info: \pdfdraftmode found.
) (/usr/share/texmf-dist/tex/generic/kvdefinekeys/kvdefinekeys.sty
Package: kvdefinekeys 2019-12-19 v1.6 Define keys (HO)
) (/usr/share/texmf-dist/tex/generic/pdfescape/pdfescape.sty
Package: pdfescape 2019/12/09 v1.15 Implements pdfTeX's escape features (HO)
) (/usr/share/texmf-dist/tex/latex/hycolor/hycolor.sty
Package: hycolor 2020-01-27 v1.10 Color options for hyperref/bookmark (HO)
) (/usr/share/texmf-dist/tex/latex/letltxmacro/letltxmacro.sty
Package: letltxmacro 2019/12/03 v1.6 Let assignment for LaTeX macros (HO)
) (/usr/share/texmf-dist/tex/latex/auxhook/auxhook.sty
Package: auxhook 2019-12-17 v1.6 Hooks for auxiliary files (HO)
)
\@linkdim=\dimen149
\Hy@linkcounter=\count272
\Hy@pagecounter=\count273
(/usr/share/texmf-dist/tex/latex/hyperref/pd1enc.def
File: pd1enc.def 2021-06-07 v7.00m Hyperref: PDFDocEncoding definition (HO)
Now handling font encoding PD1 ...
... no UTF-8 mapping file for font encoding PD1
) (/usr/share/texmf-dist/tex/latex/hyperref/hyperref-langpatches.def
File: hyperref-langpatches.def 2021-06-07 v7.00m Hyperref: patches for babel la
nguages
) (/usr/share/texmf-dist/tex/generic/intcalc/intcalc.sty
Package: intcalc 2019/12/15 v1.3 Expandable calculations with integers (HO)
) (/usr/share/texmf-dist/tex/generic/etexcmds/etexcmds.sty
Package: etexcmds 2019/12/15 v1.7 Avoid name clashes with e-TeX commands (HO)
)
\Hy@SavedSpaceFactor=\count274
(/usr/share/texmf-dist/tex/latex/hyperref/puenc.def
File: puenc.def 2021-06-07 v7.00m Hyperref: PDF Unicode definition (HO)
Now handling font encoding PU ...
... no UTF-8 mapping file for font encoding PU
)
Package hyperref Info: Option `unicode' set `true' on input line 4073.
Package hyperref Info: Hyper figures OFF on input line 4192.
Package hyperref Info: Link nesting OFF on input line 4197.
Package hyperref Info: Hyper index ON on input line 4200.
Package hyperref Info: Plain pages OFF on input line 4207.
Package hyperref Info: Backreferencing OFF on input line 4212.
Package hyperref Info: Implicit mode ON; LaTeX internals redefined.
Package hyperref Info: Bookmarks ON on input line 4445.
\c@Hy@tempcnt=\count275
LaTeX Info: Redefining \url on input line 4804.
\XeTeXLinkMargin=\dimen150
(/usr/share/texmf-dist/tex/generic/bitset/bitset.sty
Package: bitset 2019/12/09 v1.3 Handle bit-vector datatype (HO)
(/usr/share/texmf-dist/tex/generic/bigintcalc/bigintcalc.sty
Package: bigintcalc 2019/12/15 v1.5 Expandable calculations on big integers (HO
)
))
\Fld@menulength=\count276
\Field@Width=\dimen151
\Fld@charsize=\dimen152
Package hyperref Info: Hyper figures OFF on input line 6076.
Package hyperref Info: Link nesting OFF on input line 6081.
Package hyperref Info: Hyper index ON on input line 6084.
Package hyperref Info: backreferencing OFF on input line 6091.
Package hyperref Info: Link coloring OFF on input line 6096.
Package hyperref Info: Link coloring with OCG OFF on input line 6101.
Package hyperref Info: PDF/A mode OFF on input line 6106.
LaTeX Info: Redefining \ref on input line 6146.
LaTeX Info: Redefining \pageref on input line 6150.
(/usr/share/texmf-dist/tex/latex/base/atbegshi-ltx.sty
Package: atbegshi-ltx 2021/01/10 v1.0c Emulation of the original atbegshi
package with kernel methods
)
\Hy@abspage=\count277
\c@Item=\count278
\c@Hfootnote=\count279
)
Package hyperref Info: Driver (autodetected): hpdftex.
(/usr/share/texmf-dist/tex/latex/hyperref/hpdftex.def
File: hpdftex.def 2021-06-07 v7.00m Hyperref driver for pdfTeX
(/usr/share/texmf-dist/tex/latex/base/atveryend-ltx.sty
Package: atveryend-ltx 2020/08/19 v1.0a Emulation of the original atveryend pac
kage
with kernel methods
)
\Fld@listcount=\count280
\c@bookmark@seq@number=\count281
(/usr/share/texmf-dist/tex/latex/rerunfilecheck/rerunfilecheck.sty
Package: rerunfilecheck 2019/12/05 v1.9 Rerun checks for auxiliary files (HO)
(/usr/share/texmf-dist/tex/generic/uniquecounter/uniquecounter.sty
Package: uniquecounter 2019/12/15 v1.4 Provide unlimited unique counter (HO)
)
Package uniquecounter Info: New unique counter `rerunfilecheck' on input line 2
86.
)
\Hy@SectionHShift=\skip53
) (/usr/share/texmf-dist/tex/latex/bookmark/bkm-pdftex.def
File: bkm-pdftex.def 2020-11-06 v1.29 bookmark driver for pdfTeX (HO)
\BKM@id=\count282
)) (/usr/share/texmf-dist/tex/latex/geometry/geometry.sty
Package: geometry 2020/01/02 v5.9 Page Geometry
(/usr/share/texmf-dist/tex/generic/iftex/ifvtex.sty
Package: ifvtex 2019/10/25 v1.7 ifvtex legacy package. Use iftex instead.
)
\Gm@cnth=\count283
\Gm@cntv=\count284
\c@Gm@tempcnt=\count285
\Gm@bindingoffset=\dimen153
\Gm@wd@mp=\dimen154
\Gm@odd@mp=\dimen155
\Gm@even@mp=\dimen156
\Gm@layoutwidth=\dimen157
\Gm@layoutheight=\dimen158
\Gm@layouthoffset=\dimen159
\Gm@layoutvoffset=\dimen160
\Gm@dimlist=\toks25
) (/usr/share/texmf-dist/tex/latex/graphics/graphicx.sty
Package: graphicx 2021/09/16 v1.2d Enhanced LaTeX Graphics (DPC,SPQR)
(/usr/share/texmf-dist/tex/latex/graphics/graphics.sty
Package: graphics 2021/03/04 v1.4d Standard LaTeX Graphics (DPC,SPQR)
(/usr/share/texmf-dist/tex/latex/graphics/trig.sty
Package: trig 2021/08/11 v1.11 sin cos tan (DPC)
) (/usr/share/texmf-dist/tex/latex/graphics-cfg/graphics.cfg
File: graphics.cfg 2016/06/04 v1.11 sample graphics configuration
)
Package graphics Info: Driver file: pdftex.def on input line 107.
)
\Gin@req@height=\dimen161
\Gin@req@width=\dimen162
) (/usr/share/texmf-dist/tex/latex/multirow/multirow.sty
Package: multirow 2021/03/15 v2.8 Span multiple rows of a table
\multirow@colwidth=\skip54
\multirow@cntb=\count286
\multirow@dima=\skip55
\bigstrutjot=\dimen163
) (/usr/share/texmf-dist/tex/latex/tools/multicol.sty
Package: multicol 2021/10/28 v1.9b multicolumn formatting (FMi)
\c@tracingmulticols=\count287
\mult@box=\box53
\multicol@leftmargin=\dimen164
\c@unbalance=\count288
\c@collectmore=\count289
\doublecol@number=\count290
\multicoltolerance=\count291
\multicolpretolerance=\count292
\full@width=\dimen165
\page@free=\dimen166
\premulticols=\dimen167
\postmulticols=\dimen168
\multicolsep=\skip56
\multicolbaselineskip=\skip57
\partial@page=\box54
\last@line=\box55
\maxbalancingoverflow=\dimen169
\mult@rightbox=\box56
\mult@grightbox=\box57
\mult@firstbox=\box58
\mult@gfirstbox=\box59
\@tempa=\box60
\@tempa=\box61
\@tempa=\box62
\@tempa=\box63
\@tempa=\box64
\@tempa=\box65
\@tempa=\box66
\@tempa=\box67
\@tempa=\box68
\@tempa=\box69
\@tempa=\box70
\@tempa=\box71
\@tempa=\box72
\@tempa=\box73
\@tempa=\box74
\@tempa=\box75
\@tempa=\box76
\@tempa=\box77
\@tempa=\box78
\@tempa=\box79
\@tempa=\box80
\@tempa=\box81
\@tempa=\box82
\@tempa=\box83
\@tempa=\box84
\@tempa=\box85
\@tempa=\box86
\@tempa=\box87
\@tempa=\box88
\@tempa=\box89
\@tempa=\box90
\@tempa=\box91
\@tempa=\box92
\@tempa=\box93
\@tempa=\box94
\@tempa=\box95
\c@minrows=\count293
\c@columnbadness=\count294
\c@finalcolumnbadness=\count295
\last@try=\dimen170
\multicolovershoot=\dimen171
\multicolundershoot=\dimen172
\mult@nat@firstbox=\box96
\colbreak@box=\box97
\mc@col@check@num=\count296
) (/usr/share/texmf-dist/tex/latex/colortbl/colortbl.sty
Package: colortbl 2020/01/04 v1.0e Color table columns (DPC)
(/usr/share/texmf-dist/tex/latex/tools/array.sty
Package: array 2021/10/04 v2.5f Tabular extension package (FMi)
\col@sep=\dimen173
\ar@mcellbox=\box98
\extrarowheight=\dimen174
\NC@list=\toks26
\extratabsurround=\skip58
\backup@length=\skip59
\ar@cellbox=\box99
)
\everycr=\toks27
\minrowclearance=\skip60
) (/usr/share/texmf-dist/tex/latex/tools/hhline.sty
Package: hhline 2020/01/04 v2.04 Table rule package (DPC)
) (/usr/share/texmf-dist/tex/latex/tools/longtable.sty
Package: longtable 2021-09-01 v4.17 Multi-page Table package (DPC)
\LTleft=\skip61
\LTright=\skip62
\LTpre=\skip63
\LTpost=\skip64
\LTchunksize=\count297
\LTcapwidth=\dimen175
\LT@head=\box100
\LT@firsthead=\box101
\LT@foot=\box102
\LT@lastfoot=\box103
\LT@gbox=\box104
\LT@cols=\count298
\LT@rows=\count299
\c@LT@tables=\count300
\c@LT@chunks=\count301
\LT@p@ftn=\toks28
) (/usr/share/texmf-dist/tex/latex/l3backend/l3backend-pdftex.def
File: l3backend-pdftex.def 2021-12-14 L3 backend support: PDF output (pdfTeX)
\l__color_backend_stack_int=\count302
\l__pdf_internal_box=\box105
)
No file region_report.aux.
\openout1 = `region_report.aux'.

LaTeX Font Info:    Checking defaults for OML/cmm/m/it on input line 76.
LaTeX Font Info:    ... okay on input line 76.
LaTeX Font Info:    Checking defaults for OMS/cmsy/m/n on input line 76.
LaTeX Font Info:    ... okay on input line 76.
LaTeX Font Info:    Checking defaults for OT1/cmr/m/n on input line 76.
LaTeX Font Info:    ... okay on input line 76.
LaTeX Font Info:    Checking defaults for T1/cmr/m/n on input line 76.
LaTeX Font Info:    ... okay on input line 76.
LaTeX Font Info:    Checking defaults for TS1/cmr/m/n on input line 76.
LaTeX Font Info:    ... okay on input line 76.
LaTeX Font Info:    Checking defaults for OMX/cmex/m/n on input line 76.
LaTeX Font Info:    ... okay on input line 76.
LaTeX Font Info:    Checking defaults for U/cmr/m/n on input line 76.
LaTeX Font Info:    ... okay on input line 76.
LaTeX Font Info:    Checking defaults for PD1/pdf/m/n on input line 76.
LaTeX Font Info:    ... okay on input line 76.
LaTeX Font Info:    Checking defaults for PU/pdf/m/n on input line 76.
LaTeX Font Info:    ... okay on input line 76.
LaTeX Info: Redefining \microtypecontext on input line 76.
Package microtype Info: Applying patch `item' on input line 76.
Package microtype Info: Applying patch `toc' on input line 76.
Package microtype Info: Applying patch `eqnum' on input line 76.
Package microtype Info: Applying patch `footnote' on input line 76.
Package microtype Info: Generating PDF output.
Package microtype Info: Character protrusion enabled (level 2).
Package microtype Info: Using protrusion set `basicmath'.
Package microtype Info: Automatic font expansion enabled (level 2),
(microtype)             stretch: 20, shrink: 20, step: 1, non-selected.
Package microtype Info: Using default expansion set `alltext-nott'.
LaTeX Info: Redefining \showhyphens on input line 76.
Package microtype Info: No adjustment of tracking.
Package microtype Info: No adjustment of interword spacing.
Package microtype Info: No adjustment of character kerning.
(/usr/share/texmf-dist/tex/latex/microtype/mt-cmr.cfg
File: mt-cmr.cfg 2013/05/19 v2.2 microtype config. file: Computer Modern Roman 
(RS)
) (/usr/share/texmf-dist/tex/context/base/mkii/supp-pdf.mkii
[Loading MPS to PDF converter (version 2006.09.02).]
\scratchcounter=\count303
\scratchdimen=\dimen176
\scratchbox=\box106
\nofMPsegments=\count304
\nofMParguments=\count305
\everyMPshowfont=\toks29
\MPscratchCnt=\count306
\MPscratchDim=\dimen177
\MPnumerator=\count307
\makeMPintoPDFobject=\count308
\everyMPtoPDFconversion=\toks30
) (/usr/share/texmf-dist/tex/latex/epstopdf-pkg/epstopdf-base.sty
Package: epstopdf-base 2020-01-24 v2.11 Base part for package epstopdf
Package epstopdf-base Info: Redefining graphics rule for `.eps' on input line 4
85.
(/usr/share/texmf-dist/tex/latex/latexconfig/epstopdf-sys.cfg
File: epstopdf-sys.cfg 2010/07/13 v1.3 Configuration of (r)epstopdf for TeX Liv
e
))
Package hyperref Info: Link coloring OFF on input line 76.
(/usr/share/texmf-dist/tex/latex/hyperref/nameref.sty
Package: nameref 2021-04-02 v2.47 Cross-referencing by name of section
(/usr/share/texmf-dist/tex/latex/refcount/refcount.sty
Package: refcount 2019/12/15 v3.6 Data extraction from label references (HO)
) (/usr/share/texmf-dist/tex/generic/gettitlestring/gettitlestring.sty
Package: gettitlestring 2019/12/15 v1.6 Cleanup title references (HO)
)
\c@section@level=\count309
)
LaTeX Info: Redefining \ref on input line 76.
LaTeX Info: Redefining \pageref on input line 76.
LaTeX Info: Redefining \nameref on input line 76.
*geometry* driver: auto-detecting
*geometry* detected driver: pdftex
*geometry* verbose mode - [ preamble ] result:
* driver: pdftex
* paper: <default>
* layout: <same size as paper>
* layoutoffset:(h,v)=(0.0pt,0.0pt)
* modes: 
* h-part:(L,W,R)=(72.26999pt, 469.75502pt, 72.26999pt)
* v-part:(T,H,B)=(72.26999pt, 650.43001pt, 72.26999pt)
* \paperwidth=614.295pt
* \paperheight=794.96999pt
* \textwidth=469.75502pt
* \textheight=650.43001pt
* \oddsidemargin=0.0pt
* \evensidemargin=0.0pt
* \topmargin=-37.0pt
* \headheight=12.0pt
* \headsep=25.0pt
* \topskip=10.0pt
* \footskip=30.0pt
* \marginparwidth=65.0pt
* \marginparsep=11.0pt
* \columnsep=10.0pt
* \skip\footins=9.0pt plus 4.0pt minus 2.0pt
* \hoffset=0.0pt
* \voffset=0.0pt
* \mag=1000
* \@twocolumnfalse
* \@twosidefalse
* \@mparswitchfalse
* \@reversemarginfalse
* (1in=72.27pt=25.4mm, 1cm=28.453pt)

LaTeX Font Info:    Trying to load font information for OT1+lmr on input line 7
8.
(/usr/share/texmf-dist/tex/latex/lm/ot1lmr.fd
File: ot1lmr.fd 2015/05/01 v1.6.1 Font defs for Latin Modern
)
LaTeX Font Info:    Trying to load font information for OML+lmm on input line 7
8.
(/usr/share/texmf-dist/tex/latex/lm/omllmm.fd
File: omllmm.fd 2015/05/01 v1.6.1 Font defs for Latin Modern
)
LaTeX Font Info:    Trying to load font information for OMS+lmsy on input line 
78.
(/usr/share/texmf-dist/tex/latex/lm/omslmsy.fd
File: omslmsy.fd 2015/05/01 v1.6.1 Font defs for Latin Modern
)
LaTeX Font Info:    Trying to load font information for OMX+lmex on input line 
78.
(/usr/share/texmf-dist/tex/latex/lm/omxlmex.fd
File: omxlmex.fd 2015/05/01 v1.6.1 Font defs for Latin Modern
)
LaTeX Font Info:    External font `lmex10' loaded for size
(Font)              <12> on input line 78.
LaTeX Font Info:    External font `lmex10' loaded for size
(Font)              <8> on input line 78.
LaTeX Font Info:    External font `lmex10' loaded for size
(Font)              <6> on input line 78.
LaTeX Font Info:    Trying to load font information for U+msa on input line 78.

(/usr/share/texmf-dist/tex/latex/amsfonts/umsa.fd
File: umsa.fd 2013/01/14 v3.01 AMS symbols A
) (/usr/share/texmf-dist/tex/latex/microtype/mt-msa.cfg
File: mt-msa.cfg 2006/02/04 v1.1 microtype config. file: AMS symbols (a) (RS)
)
LaTeX Font Info:    Trying to load font information for U+msb on input line 78.

(/usr/share/texmf-dist/tex/latex/amsfonts/umsb.fd
File: umsb.fd 2013/01/14 v3.01 AMS symbols B
) (/usr/share/texmf-dist/tex/latex/microtype/mt-msb.cfg
File: mt-msb.cfg 2005/06/01 v1.0 microtype config. file: AMS symbols (b) (RS)
)
\tf@toc=\write3
\openout3 = `region_report.toc'.

<images/EMRO.png, id=4, 578.16pt x 650.43pt>
File: images/EMRO.png Graphic file (type png)
<use images/EMRO.png>
Package pdftex.def Info: images/EMRO.png  used on input line 97.
(pdftex.def)             Requested size: 578.20268pt x 650.47803pt.

Overfull \hbox (108.44766pt too wide) in paragraph at lines 97--98
[][] 
 []

[1

{/var/lib/texmf/fonts/map/pdftex/updmap/pdftex.map}] [2 <./images/EMRO.png>]
Overfull \hbox (1.21013pt too wide) in alignment at lines 119--129
 [] [] [] [] [] 
 []


Overfull \hbox (1.21013pt too wide) in alignment at lines 129--135
 [] [] [] [] [] 
 []


Overfull \hbox (1.21013pt too wide) in alignment at lines 135--229
 [] [] [] [] [] 
 []


Overfull \hbox (236.4739pt too wide) in alignment at lines 319--329
 [] [] [] [] [] [] 
 []


Overfull \hbox (236.4739pt too wide) in alignment at lines 329--335
 [] [] [] [] [] [] 
 []


Overfull \hbox (236.4739pt too wide) in alignment at lines 335--429
 [] [] [] [] [] [] 
 []

[3]
Overfull \hbox (612.2777pt too wide) in alignment at lines 492--502
 [] [] [] [] [] [] 
 []


Overfull \hbox (612.2777pt too wide) in alignment at lines 502--508
 [] [] [] [] [] [] 
 []


Overfull \hbox (612.2777pt too wide) in alignment at lines 508--602
 [] [] [] [] [] [] 
 []

[4]
LaTeX Font Info:    Trying to load font information for TS1+lmr on input line 6
07.
(/usr/share/texmf-dist/tex/latex/lm/ts1lmr.fd
File: ts1lmr.fd 2015/05/01 v1.6.1 Font defs for Latin Modern
)
Overfull \hbox (303.34953pt too wide) in alignment at lines 624--634
 [] [] [] [] [] [] [] 
 []


Overfull \hbox (303.34953pt too wide) in alignment at lines 634--640
 [] [] [] [] [] [] [] 
 []


Overfull \hbox (303.34953pt too wide) in alignment at lines 640--734
 [] [] [] [] [] [] [] 
 []


Overfull \hbox (16.33598pt too wide) in alignment at lines 746--756
 [] [] [] 
 []


Overfull \hbox (16.33598pt too wide) in alignment at lines 756--762
 [] [] [] 
 []


Overfull \hbox (16.33598pt too wide) in alignment at lines 762--832
 [] [] [] 
 []

[5]
Overfull \hbox (960.56938pt too wide) in alignment at lines 845--855
 [] [] [] [] 
 []


Overfull \hbox (960.56938pt too wide) in alignment at lines 855--861
 [] [] [] [] 
 []


Overfull \hbox (960.56938pt too wide) in alignment at lines 861--955
 [] [] [] [] 
 []


Overfull \hbox (1909.08746pt too wide) in alignment at lines 968--978
 [] [] [] 
 []


Overfull \hbox (1909.08746pt too wide) in alignment at lines 978--984
 [] [] [] 
 []


Overfull \hbox (1909.08746pt too wide) in alignment at lines 984--1078
 [] [] [] 
 []

[6]
Overfull \hbox (2213.68068pt too wide) in alignment at lines 1092--1102
 [] [] 
 []


Overfull \hbox (2213.68068pt too wide) in alignment at lines 1102--1108
 [] [] 
 []


Overfull \hbox (2213.68068pt too wide) in alignment at lines 1108--1202
 [] [] 
 []

[7]
Overfull \hbox (62.58986pt too wide) in alignment at lines 1218--1228
 [] [] [] 
 []


Overfull \hbox (62.58986pt too wide) in alignment at lines 1228--1234
 [] [] [] 
 []


Overfull \hbox (62.58986pt too wide) in alignment at lines 1234--1328
 [] [] [] 
 []


Overfull \hbox (1136.5221pt too wide) in alignment at lines 1340--1350
 [] [] [] 
 []


Overfull \hbox (1136.5221pt too wide) in alignment at lines 1350--1356
 [] [] [] 
 []


Overfull \hbox (1136.5221pt too wide) in alignment at lines 1356--1450
 [] [] [] 
 []

[8]
Overfull \hbox (343.09715pt too wide) in alignment at lines 1462--1472
 [] [] [] [] [] [] [] 
 []


Overfull \hbox (343.09715pt too wide) in alignment at lines 1472--1478
 [] [] [] [] [] [] [] 
 []


Overfull \hbox (343.09715pt too wide) in alignment at lines 1478--2112
 [] [] [] [] [] [] [] 
 []

[9] [10] [11]
Overfull \hbox (1717.62263pt too wide) in alignment at lines 2125--2135
 [] [] [] [] [] 
 []


Overfull \hbox (1717.62263pt too wide) in alignment at lines 2135--2141
 [] [] [] [] [] 
 []


Overfull \hbox (1717.62263pt too wide) in alignment at lines 2141--2235
 [] [] [] [] [] 
 []

[12]
Overfull \hbox (327.19878pt too wide) in alignment at lines 2248--2258
 [] [] [] [] [] [] [] 
 []


Overfull \hbox (327.19878pt too wide) in alignment at lines 2258--2264
 [] [] [] [] [] [] [] 
 []


Overfull \hbox (327.19878pt too wide) in alignment at lines 2264--2358
 [] [] [] [] [] [] [] 
 []


Overfull \hbox (737.20511pt too wide) in alignment at lines 2372--2382
 [] [] 
 []


Overfull \hbox (737.20511pt too wide) in alignment at lines 2382--2388
 [] [] 
 []


Overfull \hbox (737.20511pt too wide) in alignment at lines 2388--2482
 [] [] 
 []

[13]
Overfull \hbox (1.56168pt too wide) in paragraph at lines 2532--2532
[]|[]\T1/lmr/m/n/11 (-20) Afghanistan[]|  
 []

[14]
Overfull \hbox (1.56168pt too wide) in paragraph at lines 2656--2656
[]|[]\T1/lmr/m/n/11 (-20) Afghanistan[]|  
 []


Overfull \hbox (2.39156pt too wide) in paragraph at lines 2740--2740
\T1/lmr/m/n/11 (-20) pected/alert 
 []


Overfull \hbox (21.02867pt too wide) in paragraph at lines 2740--2740
\T1/lmr/m/n/11 (-20) cians/physicians 
 []


Overfull \hbox (4.43105pt too wide) in paragraph at lines 2740--2740
\T1/lmr/m/n/11 (-20) tional/WHO 
 []

[15] [16]
Overfull \hbox (680.8335pt too wide) in alignment at lines 2763--2773
 [] [] 
 []


Overfull \hbox (680.8335pt too wide) in alignment at lines 2773--2779
 [] [] 
 []


Overfull \hbox (680.8335pt too wide) in alignment at lines 2779--2873
 [] [] 
 []

[17]
Overfull \hbox (20.26599pt too wide) in paragraph at lines 2893--2893
[]|[]\T1/lmr/m/n/11 (-20) State/provincial 
 []


Overfull \hbox (6.18594pt too wide) in paragraph at lines 2893--2893
[]|[]\T1/lmr/m/n/11 (-20) City/country 
 []


Overfull \hbox (20.26599pt too wide) in paragraph at lines 2901--2901
[]|[]\T1/lmr/m/n/11 (-20) State/provincial 
 []


Overfull \hbox (6.18594pt too wide) in paragraph at lines 2901--2901
[]|[]\T1/lmr/m/n/11 (-20) City/country 
 []


Overfull \hbox (1.56168pt too wide) in paragraph at lines 2907--2907
[]|[]\T1/lmr/m/n/11 (-20) Afghanistan[]|  
 []

[18]
Overfull \hbox (1.56168pt too wide) in paragraph at lines 3040--3040
[]|[]\T1/lmr/m/n/11 (-20) Afghanistan[]|  
 []

[19]
Overfull \hbox (1.56168pt too wide) in paragraph at lines 3162--3162
[]|[]\T1/lmr/m/n/11 (-20) Afghanistan[]|  
 []

[20]
Overfull \hbox (1.56168pt too wide) in paragraph at lines 3285--3285
[]|[]\T1/lmr/m/n/11 (-20) Afghanistan[]|  
 []


Overfull \hbox (1.56168pt too wide) in paragraph at lines 3407--3407
[]|[]\T1/lmr/m/n/11 (-20) Afghanistan[]|  
 []

[21]
Overfull \hbox (1.56168pt too wide) in paragraph at lines 3529--3529
[]|[]\T1/lmr/m/n/11 (-20) Afghanistan[]|  
 []


Overfull \hbox (1.56168pt too wide) in paragraph at lines 3651--3651
[]|[]\T1/lmr/m/n/11 (-20) Afghanistan[]|  
 []

[22]
Overfull \hbox (1.56168pt too wide) in paragraph at lines 3776--3776
[]|[]\T1/lmr/m/n/11 (-20) Afghanistan[]|  
 []

[23]
Overfull \hbox (61.90125pt too wide) in paragraph at lines 3886--3886
[]|[]\T1/lmr/m/n/11 (-20) State/provincial/regional 
 []


Overfull \hbox (54.06747pt too wide) in alignment at lines 3880--3890
 [] [] [] [] [] [] [] [] [] 
 []


Overfull \hbox (61.90125pt too wide) in paragraph at lines 3894--3894
[]|[]\T1/lmr/m/n/11 (-20) State/provincial/regional 
 []


Overfull \hbox (54.06747pt too wide) in alignment at lines 3890--3896
 [] [] [] [] [] [] [] [] [] 
 []


Overfull \hbox (1.56168pt too wide) in paragraph at lines 3900--3900
[]|[]\T1/lmr/m/n/11 (-20) Afghanistan[]|  
 []


Overfull \hbox (54.06747pt too wide) in alignment at lines 3896--3990
 [] [] [] [] [] [] [] [] [] 
 []

[24]
Overfull \hbox (1.56168pt too wide) in paragraph at lines 4024--4024
[]|[]\T1/lmr/m/n/11 (-20) Afghanistan[]|  
 []

[25]
Overfull \hbox (1.56168pt too wide) in paragraph at lines 4147--4147
[]|[]\T1/lmr/m/n/11 (-20) Afghanistan[]|  
 []

[26] [27]
Overfull \hbox (1.56168pt too wide) in paragraph at lines 4270--4270
[]|[]\T1/lmr/m/n/11 (-20) Afghanistan[]|  
 []

[28]
Overfull \hbox (2.67021pt too wide) in paragraph at lines 4381--4381
[]|[]\T1/lmr/m/n/11 (-20) Adulticiding 
 []


Overfull \hbox (1.04362pt too wide) in paragraph at lines 4381--4381
\T1/lmr/m/n/11 (-20) mosquitoes)[]|  
 []


Overfull \hbox (2.67021pt too wide) in paragraph at lines 4389--4389
[]|[]\T1/lmr/m/n/11 (-20) Adulticiding 
 []


Overfull \hbox (1.04362pt too wide) in paragraph at lines 4389--4389
\T1/lmr/m/n/11 (-20) mosquitoes)[]|  
 []


Overfull \hbox (1.56168pt too wide) in paragraph at lines 4395--4395
[]|[]\T1/lmr/m/n/11 (-20) Afghanistan[]|  
 []


Overfull \hbox (34.29073pt too wide) in paragraph at lines 4419--4419
[]|[]\T1/lmr/m/n/11 (-20) ENVIROMNETAL 
 []

[29]
Overfull \hbox (1.56168pt too wide) in paragraph at lines 4519--4519
[]|[]\T1/lmr/m/n/11 (-20) Afghanistan[]|  
 []

[30]
Overfull \hbox (1.56168pt too wide) in paragraph at lines 4642--4642
[]|[]\T1/lmr/m/n/11 (-20) Afghanistan[]|  
 []


Overfull \hbox (7.22276pt too wide) in paragraph at lines 4660--4660
\T1/lmr/m/n/11 (-20) Deltamethrin 
 []


Overfull \hbox (33.25485pt too wide) in paragraph at lines 4666--4666
[]|[]\T1/lmr/m/n/11 (-20) DELTAMETHRIN 
 []


Overfull \hbox (6.625pt too wide) in paragraph at lines 4666--4666
\T1/lmr/m/n/11 (-20) TEMEPHOS 
 []


Overfull \hbox (5.60236pt too wide) in paragraph at lines 4726--4726
[]|[]\T1/lmr/m/n/11 (-20) Adulticiding: 
 []


Overfull \hbox (0.7721pt too wide) in paragraph at lines 4726--4726
\T1/lmr/m/n/11 (-20) Larviciding: 
 []

[31]
Overfull \hbox (1.56168pt too wide) in paragraph at lines 4765--4765
[]|[]\T1/lmr/m/n/11 (-20) Afghanistan[]|  
 []

[32]
Overfull \hbox (1.56168pt too wide) in paragraph at lines 4890--4890
[]|[]\T1/lmr/m/n/11 (-20) Afghanistan[]|  
 []

[33] [34]
Overfull \hbox (1.56168pt too wide) in paragraph at lines 5012--5012
[]|[]\T1/lmr/m/n/11 (-20) Afghanistan[]|  
 []


Overfull \hbox (9.17624pt too wide) in paragraph at lines 5121--5121
[]|[]\T1/lmr/m/n/11 (-20) Temperatures[]|  
 []


Overfull \hbox (54.06747pt too wide) in alignment at lines 5115--5125
 [] [] [] [] [] [] [] [] [] 
 []


Overfull \hbox (9.17624pt too wide) in paragraph at lines 5129--5129
[]|[]\T1/lmr/m/n/11 (-20) Temperatures[]|  
 []


Overfull \hbox (54.06747pt too wide) in alignment at lines 5125--5131
 [] [] [] [] [] [] [] [] [] 
 []


Overfull \hbox (1.56168pt too wide) in paragraph at lines 5135--5135
[]|[]\T1/lmr/m/n/11 (-20) Afghanistan[]|  
 []


Overfull \hbox (54.06747pt too wide) in alignment at lines 5131--5225
 [] [] [] [] [] [] [] [] [] 
 []

[35]
Overfull \hbox (1.56168pt too wide) in paragraph at lines 5258--5258
[]|[]\T1/lmr/m/n/11 (-20) Afghanistan[]|  
 []

[36]
Overfull \hbox (1.56168pt too wide) in paragraph at lines 5382--5382
[]|[]\T1/lmr/m/n/11 (-20) Afghanistan[]|  
 []


Overfull \hbox (10.12036pt too wide) in paragraph at lines 5400--5400
\T1/lmr/m/n/11 (-20) ers/challenges 
 []


Overfull \hbox (15.985pt too wide) in paragraph at lines 5466--5466
\T1/lmr/m/n/11 (-20) cient/sustained 
 []


Overfull \hbox (5.16963pt too wide) in paragraph at lines 5466--5466
\T1/lmr/m/n/11 (-20) Procurement 
 []

[37] [38] [39]
Overfull \hbox (1.56168pt too wide) in paragraph at lines 5506--5506
[]|[]\T1/lmr/m/n/11 (-20) Afghanistan[]|  
 []

[40]
Overfull \hbox (1.56168pt too wide) in paragraph at lines 5632--5632
[]|[]\T1/lmr/m/n/11 (-20) Afghanistan[]|  
 []

[41]
Overfull \hbox (1.56168pt too wide) in paragraph at lines 5754--5754
[]|[]\T1/lmr/m/n/11 (-20) Afghanistan[]|  
 []

[42]
Overfull \hbox (1.56168pt too wide) in paragraph at lines 5878--5878
[]|[]\T1/lmr/m/n/11 (-20) Afghanistan[]|  
 []


Overfull \hbox (1.56168pt too wide) in paragraph at lines 6050--6050
[]|[]\T1/lmr/m/n/11 (-20) Afghanistan[]|  
 []

[43]
Overfull \hbox (1.56168pt too wide) in paragraph at lines 6173--6173
[]|[]\T1/lmr/m/n/11 (-20) Afghanistan[]|  
 []


Overfull \hbox (0.91443pt too wide) in paragraph at lines 6173--6173
[]|[]\T1/lmr/m/n/11 (-20) Surveillance 
 []


Overfull \hbox (10.0561pt too wide) in paragraph at lines 6251--6251
[]|[]\T1/lmr/m/n/11 (-20) l'Observatoire 
 []

[44]
Overfull \hbox (1.56168pt too wide) in paragraph at lines 6296--6296
[]|[]\T1/lmr/m/n/11 (-20) Afghanistan[]|  
 []


Overfull \hbox (5.01921pt too wide) in paragraph at lines 6296--6296
[]|[]\T1/lmr/m/n/11 (-20) Countrywide[]|  
 []


Overfull \hbox (5.01921pt too wide) in paragraph at lines 6332--6332
[]|[]\T1/lmr/m/n/11 (-20) Countrywide[]|  
 []


Overfull \hbox (5.01921pt too wide) in paragraph at lines 6362--6362
[]|[]\T1/lmr/m/n/11 (-20) Countrywide[]|  
 []


Overfull \hbox (5.01921pt too wide) in paragraph at lines 6374--6374
[]|[]\T1/lmr/m/n/11 (-20) Countrywide[]|  
 []

[45] [46]
Overfull \hbox (1.56168pt too wide) in paragraph at lines 6420--6420
[]|[]\T1/lmr/m/n/11 (-20) Afghanistan[]|  
 []

[47]
Overfull \hbox (1.06543pt too wide) in paragraph at lines 6528--6528
[]|[]\T1/lmr/m/n/11 (-20) Educational 
 []


Overfull \hbox (1.06543pt too wide) in paragraph at lines 6528--6528
[]|[]\T1/lmr/m/n/11 (-20) Educational 
 []


Overfull \hbox (1.06543pt too wide) in paragraph at lines 6528--6528
[]|[]\T1/lmr/m/n/11 (-20) Educational 
 []


Overfull \hbox (1.06543pt too wide) in paragraph at lines 6536--6536
[]|[]\T1/lmr/m/n/11 (-20) Educational 
 []


Overfull \hbox (1.06543pt too wide) in paragraph at lines 6536--6536
[]|[]\T1/lmr/m/n/11 (-20) Educational 
 []


Overfull \hbox (1.06543pt too wide) in paragraph at lines 6536--6536
[]|[]\T1/lmr/m/n/11 (-20) Educational 
 []


Overfull \hbox (1.56168pt too wide) in paragraph at lines 6542--6542
[]|[]\T1/lmr/m/n/11 (-20) Afghanistan[]|  
 []

[48]
Overfull \hbox (1.56168pt too wide) in paragraph at lines 6669--6669
[]|[]\T1/lmr/m/n/11 (-20) Afghanistan[]|  
 []


Overfull \hbox (1.56168pt too wide) in paragraph at lines 6786--6786
[]|[]\T1/lmr/m/n/11 (-20) Afghanistan[]|  
 []

[49]
Overfull \hbox (6.04361pt too wide) in paragraph at lines 6896--6896
[]|[]\T1/lmr/m/n/11 (-20) Participation 
 []


Overfull \hbox (3.85526pt too wide) in paragraph at lines 6896--6896
[]|[]\T1/lmr/m/n/11 (-20) Modification 
 []


Overfull \hbox (228.67497pt too wide) in alignment at lines 6890--6900
 [] [] [] [] [] [] [] [] [] [] [] [] 
 []


Overfull \hbox (6.04361pt too wide) in paragraph at lines 6904--6904
[]|[]\T1/lmr/m/n/11 (-20) Participation 
 []


Overfull \hbox (3.85526pt too wide) in paragraph at lines 6904--6904
[]|[]\T1/lmr/m/n/11 (-20) Modification 
 []


Overfull \hbox (228.67497pt too wide) in alignment at lines 6900--6906
 [] [] [] [] [] [] [] [] [] [] [] [] 
 []


Overfull \hbox (1.56168pt too wide) in paragraph at lines 6910--6910
[]|[]\T1/lmr/m/n/11 (-20) Afghanistan[]|  
 []


Overfull \hbox (228.67497pt too wide) in alignment at lines 6906--7000
 [] [] [] [] [] [] [] [] [] [] [] [] 
 []

[50]
Overfull \hbox (1.56168pt too wide) in paragraph at lines 7034--7034
[]|[]\T1/lmr/m/n/11 (-20) Afghanistan[]|  
 []

[51]
Overfull \hbox (1.56168pt too wide) in paragraph at lines 7158--7158
[]|[]\T1/lmr/m/n/11 (-20) Afghanistan[]|  
 []


Overfull \hbox (10.12036pt too wide) in paragraph at lines 7176--7176
\T1/lmr/m/n/11 (-20) ers/challenges 
 []


Overfull \hbox (2.52518pt too wide) in paragraph at lines 7242--7242
\T1/lmr/m/n/11 (-20) Engagement 
 []

[52] [53] [54] [55]
Overfull \hbox (1.56168pt too wide) in paragraph at lines 7285--7285
[]|[]\T1/lmr/m/n/11 (-20) Afghanistan[]|  
 []


Overfull \hbox (1.56168pt too wide) in paragraph at lines 7408--7408
[]|[]\T1/lmr/m/n/11 (-20) Afghanistan[]|  
 []

[56]
Overfull \hbox (1.56168pt too wide) in paragraph at lines 7531--7531
[]|[]\T1/lmr/m/n/11 (-20) Afghanistan[]|  
 []

[57]
Overfull \hbox (1.56168pt too wide) in paragraph at lines 7655--7655
[]|[]\T1/lmr/m/n/11 (-20) Afghanistan[]|  
 []


Overfull \hbox (1.50662pt too wide) in paragraph at lines 7733--7733
\T1/lmr/m/n/11 (-20) l'agriculture 
 []

[58] [59]
Overfull \hbox (1.56168pt too wide) in paragraph at lines 7778--7778
[]|[]\T1/lmr/m/n/11 (-20) Afghanistan[]|  
 []


Overfull \hbox (26.30812pt too wide) in paragraph at lines 7802--7802
[]|[]\T1/lmr/m/n/11 (-20) ADULTICIDING 
 []


Overfull \hbox (11.3216pt too wide) in paragraph at lines 7862--7862
\T1/lmr/m/n/11 (-20) Entomological 
 []

[60] [61]
Overfull \hbox (1.56168pt too wide) in paragraph at lines 7902--7902
[]|[]\T1/lmr/m/n/11 (-20) Afghanistan[]|  
 []

[62]
Overfull \hbox (1.56168pt too wide) in paragraph at lines 8025--8025
[]|[]\T1/lmr/m/n/11 (-20) Afghanistan[]|  
 []


Overfull \hbox (1.56168pt too wide) in paragraph at lines 8149--8149
[]|[]\T1/lmr/m/n/11 (-20) Afghanistan[]|  
 []


Overfull \hbox (2.43503pt too wide) in paragraph at lines 8209--8209
[]|[]\T1/lmr/m/n/11 (-20) (i)Insecurity 
 []


Overfull \hbox (5.74474pt too wide) in paragraph at lines 8233--8233
\T1/lmr/m/n/11 (-20) Development 
 []

[63] [64]
Overfull \hbox (6.77347pt too wide) in paragraph at lines 8262--8262
 []|[]\T1/lmr/m/n/11 (-20) Chikungunya[]|
 []


Overfull \hbox (6.77347pt too wide) in paragraph at lines 8270--8270
 []|[]\T1/lmr/m/n/11 (-20) Chikungunya[]|
 []


Overfull \hbox (2.69974pt too wide) in paragraph at lines 8282--8282
[]|[]|  
 []


Overfull \hbox (7.72644pt too wide) in paragraph at lines 8642--8642
[]|[]|  
 []

[65] [66] [67] [68]
Overfull \hbox (1.56168pt too wide) in paragraph at lines 8825--8825
[]|[]\T1/lmr/m/n/11 (-20) Afghanistan[]|  
 []


Overfull \hbox (8.65663pt too wide) in paragraph at lines 8934--8934
[]|[]\T1/lmr/m/n/11 (-20) Arbovirus(es)[]|  
 []


Overfull \hbox (8.65663pt too wide) in paragraph at lines 8942--8942
[]|[]\T1/lmr/m/n/11 (-20) Arbovirus(es)[]|  
 []

[69]
Overfull \hbox (6.77347pt too wide) in paragraph at lines 9085--9085
 []|[]\T1/lmr/m/n/11 (-20) Chikungunya[]|
 []


Overfull \hbox (6.77347pt too wide) in paragraph at lines 9093--9093
 []|[]\T1/lmr/m/n/11 (-20) Chikungunya[]|
 []


Overfull \hbox (2.69974pt too wide) in paragraph at lines 9105--9105
[]|[]|  
 []


Overfull \hbox (7.72644pt too wide) in paragraph at lines 9225--9225
[]|[]|  
 []

[70] [71]
Overfull \hbox (5.67012pt too wide) in paragraph at lines 9281--9281
[]|[]\T1/lmr/m/n/11 (-20) Construction 
 []


Overfull \hbox (5.67012pt too wide) in paragraph at lines 9289--9289
[]|[]\T1/lmr/m/n/11 (-20) Construction 
 []


Overfull \hbox (1.56168pt too wide) in paragraph at lines 9295--9295
[]|[]\T1/lmr/m/n/11 (-20) Afghanistan[]|  
 []


Overfull \hbox (38.30205pt too wide) in paragraph at lines 9379--9379
[]|[]\T1/lmr/m/n/11 (-20) Emergency/Conflict 
 []


Overfull \hbox (18.18881pt too wide) in paragraph at lines 9408--9408
 []|[]\T1/lmr/m/n/11 (-20) Epidemiologists[]|
 []


Overfull \hbox (10.21887pt too wide) in paragraph at lines 9408--9408
 []|[]\T1/lmr/m/n/11 (-20) Laboratorians[]|
 []


Overfull \hbox (44.27132pt too wide) in paragraph at lines 9408--9408
 []|[]\T1/lmr/m/n/11 (-20) Entomologists/vector
 []


Overfull \hbox (18.18881pt too wide) in paragraph at lines 9416--9416
 []|[]\T1/lmr/m/n/11 (-20) Epidemiologists[]|
 []


Overfull \hbox (10.21887pt too wide) in paragraph at lines 9416--9416
 []|[]\T1/lmr/m/n/11 (-20) Laboratorians[]|
 []


Overfull \hbox (44.27132pt too wide) in paragraph at lines 9416--9416
 []|[]\T1/lmr/m/n/11 (-20) Entomologists/vector
 []


Overfull \hbox (1.56168pt too wide) in paragraph at lines 9422--9422
[]|[]\T1/lmr/m/n/11 (-20) Afghanistan[]|  
 []

[72]
Overfull \hbox (18.18881pt too wide) in paragraph at lines 9532--9532
 []|[]\T1/lmr/m/n/11 (-20) Epidemiologists[]|
 []


Overfull \hbox (10.21887pt too wide) in paragraph at lines 9532--9532
 []|[]\T1/lmr/m/n/11 (-20) Laboratorians[]|
 []


Overfull \hbox (44.27132pt too wide) in paragraph at lines 9532--9532
 []|[]\T1/lmr/m/n/11 (-20) Entomologists/vector
 []


Overfull \hbox (18.18881pt too wide) in paragraph at lines 9540--9540
 []|[]\T1/lmr/m/n/11 (-20) Epidemiologists[]|
 []


Overfull \hbox (10.21887pt too wide) in paragraph at lines 9540--9540
 []|[]\T1/lmr/m/n/11 (-20) Laboratorians[]|
 []


Overfull \hbox (44.27132pt too wide) in paragraph at lines 9540--9540
 []|[]\T1/lmr/m/n/11 (-20) Entomologists/vector
 []


Overfull \hbox (1.56168pt too wide) in paragraph at lines 9546--9546
[]|[]\T1/lmr/m/n/11 (-20) Afghanistan[]|  
 []

[73]
Overfull \hbox (1.56168pt too wide) in paragraph at lines 9669--9669
[]|[]\T1/lmr/m/n/11 (-20) Afghanistan[]|  
 []


Overfull \hbox (25.30318pt too wide) in paragraph at lines 9729--9729
\T1/lmr/m/n/11 (-20) ment,surveillance 
 []


Overfull \hbox (29.18571pt too wide) in paragraph at lines 9747--9747
\T1/lmr/m/n/11 (-20) d'épidémiologistes 
 []

[74] [75]
Overfull \hbox (1.56168pt too wide) in paragraph at lines 9793--9793
[]|[]\T1/lmr/m/n/11 (-20) Afghanistan[]|  
 []


Overfull \hbox (7.1953pt too wide) in paragraph at lines 9817--9817
\T1/lmr/m/n/11 (-20) BOVIRUSES[]|  
 []

[76]
Overfull \hbox (1.56168pt too wide) in paragraph at lines 9916--9916
[]|[]\T1/lmr/m/n/11 (-20) Afghanistan[]|  
 []

[77]
Overfull \hbox (1.56168pt too wide) in paragraph at lines 10039--10039
[]|[]\T1/lmr/m/n/11 (-20) Afghanistan[]|  
 []

[78]
Overfull \hbox (1.56168pt too wide) in paragraph at lines 10162--10162
[]|[]\T1/lmr/m/n/11 (-20) Afghanistan[]|  
 []

[79]
Overfull \hbox (1.56168pt too wide) in paragraph at lines 10285--10285
[]|[]\T1/lmr/m/n/11 (-20) Afghanistan[]|  
 []


Overfull \hbox (7.1953pt too wide) in paragraph at lines 10309--10309
\T1/lmr/m/n/11 (-20) BOVIRUSES[]|  
 []

[80]
Overfull \hbox (1.56168pt too wide) in paragraph at lines 10414--10414
[]|[]\T1/lmr/m/n/11 (-20) Afghanistan[]|  
 []


Overfull \hbox (15.71411pt too wide) in paragraph at lines 10474--10474
\T1/lmr/m/n/11 (-20) gunya/Dengue. 
 []


Overfull \hbox (4.1393pt too wide) in paragraph at lines 10492--10492
[]|[]\T1/lmr/m/n/11 (-20) actuellement 
 []

[81] [82] [83]
Overfull \hbox (1.56168pt too wide) in paragraph at lines 10540--10540
[]|[]\T1/lmr/m/n/11 (-20) Afghanistan[]|  
 []


Overfull \hbox (22.75128pt too wide) in paragraph at lines 10540--10540
[]|[]\T1/lmr/m/n/11 (-20) SAFI,Hafizullah, 
 []


Overfull \hbox (9.47661pt too wide) in paragraph at lines 10540--10540
\T1/lmr/m/n/11 (-20) safih@who.int[]|  
 []


Overfull \hbox (65.70166pt too wide) in paragraph at lines 10546--10546
\T1/lmr/m/n/11 (-20) Afaf,AAli9@health.gov.bh[]|  
 []


Overfull \hbox (106.47212pt too wide) in paragraph at lines 10552--10552
\T1/lmr/m/n/11 (-20) marim_mohamed6442@yahoo.com[]|  
 []


Overfull \hbox (74.51575pt too wide) in paragraph at lines 10558--10558
\T1/lmr/m/n/11 (-20) drhameeda1998@yahoo.com 
 []


! LaTeX Error: Unicode character Ø± (U+0631)
               not set up for use with LaTeX.

See the LaTeX manual or LaTeX Companion for explanation.
Type  H <return>  for immediate help.
 ...                                              
                                                  
l.10558 ...ager\ of\ Vector\ control\ program\ }}}
                                                   \\ 
Here is how much of TeX's memory you used:
 14121 strings out of 478353
 227329 string characters out of 5854636
 815140 words of memory out of 5000000
 31541 multiletter control sequences out of 15000+600000
 458680 words of font info for 130 fonts, out of 8000000 for 9000
 1141 hyphenation exceptions out of 8191
 74i,9n,77p,2797b,442s stack positions out of 5000i,500n,10000p,200000b,80000s

!  ==> Fatal error occurred, no output PDF file produced!
